<?xml version="1.0" encoding="UTF-8"?>
<testsuite name="BiggerIsGreaterTest" tests="1" skipped="0" failures="0" errors="0" timestamp="2020-03-29T13:05:31" hostname="hilarys-MacBook-Pro.local" time="0.029">
  <properties/>
  <testcase name="biggerIsGreater" classname="BiggerIsGreaterTest" time="0.029"/>
  <system-out><![CDATA[]]></system-out>
  <system-err><![CDATA[]]></system-err>
</testsuite>
